// 重构日志: 42a95b2f
// 重构日志: b27432d5
// 重构日志: 54e0142c
// 重构日志: b1c26fc9
// 重构日志: e73824f3
// 同步 ID: b7bc2655 @ Wed Jul  1 16:08:20 UTC 2026
// 同步 ID: ab87e5e4 @ Thu Jul  2 17:56:10 UTC 2026
// 重构日志: 1c9f4955
// 同步 ID: 62847973 @ Sun Jul  5 10:38:27 UTC 2026
// 同步 ID: ba550da5 @ Sun Jul  5 13:44:53 UTC 2026
// 重构日志: eb7da5bc
// 重构日志: f90445f4
// 重构日志: 79c21bec
// 同步 ID: 53d8a34a @ Tue Jul  7 22:16:59 UTC 2026
// 同步 ID: 07bcd3b4 @ Wed Jul  8 22:19:14 UTC 2026
// 同步 ID: 439aa3eb @ Thu Jul  9 05:05:57 UTC 2026
// 重构日志: 669b37b3
// 重构日志: 0b551f9c
// 重构日志: 9e551833
// 重构日志: cbfb9b58
// 同步 ID: 95d62234 @ Sun Jul 12 04:06:22 UTC 2026
// 重构日志: 17c1df98
// 重构日志: 6aa43332
// 同步 ID: 466e9b8e @ Mon Jul 13 00:12:03 UTC 2026
// 同步 ID: 87320a24 @ Mon Jul 13 04:56:16 UTC 2026
// 重构日志: 1f8549e3
// 重构日志: a00d093d
// 重构日志: db314baf
// 同步 ID: a613e48c @ Wed Jul 15 04:29:37 UTC 2026
// 同步 ID: 069af9f8 @ Thu Jul 16 15:24:39 UTC 2026
